# JRE version: Java(TM) SE Runtime Environment (8.0_161-b12) (build 1.8.0_161-b12)
# Java VM: Java HotSpot(TM) 64-Bit Server VM (25.161-b12 mixed mode windows-amd64 compressed oops)
Heap:
 PSYoungGen      total 138752K, used 51601K [0x00000000d5d80000, 0x00000000e1d00000, 0x0000000100000000)
  eden space 130048K, 32% used [0x00000000d5d80000,0x00000000d8765588,0x00000000ddc80000)
  from space 8704K, 99% used [0x00000000ddc80000,0x00000000de4ff028,0x00000000de500000)
  to   space 10240K, 0% used [0x00000000e1300000,0x00000000e1300000,0x00000000e1d00000)
 ParOldGen       total 55296K, used 8681K [0x0000000081800000, 0x0000000084e00000, 0x00000000d5d80000)
  object space 55296K, 15% used [0x0000000081800000,0x000000008207a760,0x0000000084e00000)
 Metaspace       used 29760K, capacity 31286K, committed 31488K, reserved 1077248K
  class space    used 4011K, capacity 4325K, committed 4352K, reserved 1048576K
GC Heap History (10 events):
Event: 4.255 GC heap before
{Heap before GC invocations=4 (full 0):
 PSYoungGen      total 38400K, used 38371K [0x00000000d5d80000, 0x00000000da880000, 0x0000000100000000)
  eden space 33280K, 100% used [0x00000000d5d80000,0x00000000d7e00000,0x00000000d7e00000)
  from space 5120K, 99% used [0x00000000d7e00000,0x00000000d82f8cb0,0x00000000d8300000)
  to   space 5120K, 0% used [0x00000000da380000,0x00000000da380000,0x00000000da880000)
 ParOldGen       total 87552K, used 1031K [0x0000000081800000, 0x0000000086d80000, 0x00000000d5d80000)
  object space 87552K, 1% used [0x0000000081800000,0x0000000081901da8,0x0000000086d80000)
 Metaspace       used 18070K, capacity 18644K, committed 18816K, reserved 1064960K
  class space    used 2428K, capacity 2578K, committed 2688K, reserved 1048576K
Event: 4.283 GC heap after
Heap after GC invocations=4 (full 0):
 PSYoungGen      total 71680K, used 5119K [0x00000000d5d80000, 0x00000000da880000, 0x0000000100000000)
  eden space 66560K, 0% used [0x00000000d5d80000,0x00000000d5d80000,0x00000000d9e80000)
  from space 5120K, 99% used [0x00000000da380000,0x00000000da87fff8,0x00000000da880000)
  to   space 5120K, 0% used [0x00000000d9e80000,0x00000000d9e80000,0x00000000da380000)
 ParOldGen       total 87552K, used 3077K [0x0000000081800000, 0x0000000086d80000, 0x00000000d5d80000)
  object space 87552K, 3% used [0x0000000081800000,0x0000000081b01760,0x0000000086d80000)
 Metaspace       used 18070K, capacity 18644K, committed 18816K, reserved 1064960K
  class space    used 2428K, capacity 2578K, committed 2688K, reserved 1048576K
}
Event: 4.544 GC heap before
{Heap before GC invocations=5 (full 0):
 PSYoungGen      total 71680K, used 36438K [0x00000000d5d80000, 0x00000000da880000, 0x0000000100000000)
  eden space 66560K, 47% used [0x00000000d5d80000,0x00000000d7c159d0,0x00000000d9e80000)
  from space 5120K, 99% used [0x00000000da380000,0x00000000da87fff8,0x00000000da880000)
  to   space 5120K, 0% used [0x00000000d9e80000,0x00000000d9e80000,0x00000000da380000)
 ParOldGen       total 87552K, used 3077K [0x0000000081800000, 0x0000000086d80000, 0x00000000d5d80000)
  object space 87552K, 3% used [0x0000000081800000,0x0000000081b01760,0x0000000086d80000)
 Metaspace       used 20614K, capacity 21240K, committed 21296K, reserved 1067008K
  class space    used 2746K, capacity 2908K, committed 2944K, reserved 1048576K
Event: 4.560 GC heap after
Heap after GC invocations=5 (full 0):
 PSYoungGen      total 71680K, used 5098K [0x00000000d5d80000, 0x00000000df080000, 0x0000000100000000)
  eden space 66560K, 0% used [0x00000000d5d80000,0x00000000d5d80000,0x00000000d9e80000)
  from space 5120K, 99% used [0x00000000d9e80000,0x00000000da37ab18,0x00000000da380000)
  to   space 8704K, 0% used [0x00000000de800000,0x00000000de800000,0x00000000df080000)
 ParOldGen       total 87552K, used 5748K [0x0000000081800000, 0x0000000086d80000, 0x00000000d5d80000)
  object space 87552K, 6% used [0x0000000081800000,0x0000000081d9d2b8,0x0000000086d80000)
 Metaspace       used 20614K, capacity 21240K, committed 21296K, reserved 1067008K
  class space    used 2746K, capacity 2908K, committed 2944K, reserved 1048576K
}
Event: 4.560 GC heap before
{Heap before GC invocations=6 (full 1):
 PSYoungGen      total 71680K, used 5098K [0x00000000d5d80000, 0x00000000df080000, 0x0000000100000000)
  eden space 66560K, 0% used [0x00000000d5d80000,0x00000000d5d80000,0x00000000d9e80000)
  from space 5120K, 99% used [0x00000000d9e80000,0x00000000da37ab18,0x00000000da380000)
  to   space 8704K, 0% used [0x00000000de800000,0x00000000de800000,0x00000000df080000)
 ParOldGen       total 87552K, used 5748K [0x0000000081800000, 0x0000000086d80000, 0x00000000d5d80000)
  object space 87552K, 6% used [0x0000000081800000,0x0000000081d9d2b8,0x0000000086d80000)
 Metaspace       used 20614K, capacity 21240K, committed 21296K, reserved 1067008K
  class space    used 2746K, capacity 2908K, committed 2944K, reserved 1048576K
Event: 4.625 GC heap after
Heap after GC invocations=6 (full 1):
 PSYoungGen      total 71680K, used 0K [0x00000000d5d80000, 0x00000000df080000, 0x0000000100000000)
  eden space 66560K, 0% used [0x00000000d5d80000,0x00000000d5d80000,0x00000000d9e80000)
  from space 5120K, 0% used [0x00000000d9e80000,0x00000000d9e80000,0x00000000da380000)
  to   space 8704K, 0% used [0x00000000de800000,0x00000000de800000,0x00000000df080000)
 ParOldGen       total 55296K, used 7833K [0x0000000081800000, 0x0000000084e00000, 0x00000000d5d80000)
  object space 55296K, 14% used [0x0000000081800000,0x0000000081fa6668,0x0000000084e00000)
 Metaspace       used 20613K, capacity 21234K, committed 21296K, reserved 1067008K
  class space    used 2746K, capacity 2907K, committed 2944K, reserved 1048576K
}
Event: 5.504 GC heap before
{Heap before GC invocations=7 (full 1):
 PSYoungGen      total 71680K, used 66560K [0x00000000d5d80000, 0x00000000df080000, 0x0000000100000000)
  eden space 66560K, 100% used [0x00000000d5d80000,0x00000000d9e80000,0x00000000d9e80000)
  from space 5120K, 0% used [0x00000000d9e80000,0x00000000d9e80000,0x00000000da380000)
  to   space 8704K, 0% used [0x00000000de800000,0x00000000de800000,0x00000000df080000)
 ParOldGen       total 55296K, used 7833K [0x0000000081800000, 0x0000000084e00000, 0x00000000d5d80000)
  object space 55296K, 14% used [0x0000000081800000,0x0000000081fa6668,0x0000000084e00000)
 Metaspace       used 22453K, capacity 23236K, committed 23552K, reserved 1069056K
  class space    used 3013K, capacity 3216K, committed 3328K, reserved 1048576K
Event: 5.513 GC heap after
Heap after GC invocations=7 (full 1):
 PSYoungGen      total 115200K, used 5258K [0x00000000d5d80000, 0x00000000ded80000, 0x0000000100000000)
  eden space 109568K, 0% used [0x00000000d5d80000,0x00000000d5d80000,0x00000000dc880000)
  from space 5632K, 93% used [0x00000000de800000,0x00000000ded22bd8,0x00000000ded80000)
  to   space 8704K, 0% used [0x00000000ddc80000,0x00000000ddc80000,0x00000000de500000)
 ParOldGen       total 55296K, used 7841K [0x0000000081800000, 0x0000000084e00000, 0x00000000d5d80000)
  object space 55296K, 14% used [0x0000000081800000,0x0000000081fa8668,0x0000000084e00000)
 Metaspace       used 22453K, capacity 23236K, committed 23552K, reserved 1069056K
  class space    used 3013K, capacity 3216K, committed 3328K, reserved 1048576K
}
Event: 6.831 GC heap before
{Heap before GC invocations=8 (full 1):
 PSYoungGen      total 115200K, used 114826K [0x00000000d5d80000, 0x00000000ded80000, 0x0000000100000000)
  eden space 109568K, 100% used [0x00000000d5d80000,0x00000000dc880000,0x00000000dc880000)
  from space 5632K, 93% used [0x00000000de800000,0x00000000ded22bd8,0x00000000ded80000)
  to   space 8704K, 0% used [0x00000000ddc80000,0x00000000ddc80000,0x00000000de500000)
 ParOldGen       total 55296K, used 7841K [0x0000000081800000, 0x0000000084e00000, 0x00000000d5d80000)
  object space 55296K, 14% used [0x0000000081800000,0x0000000081fa8668,0x0000000084e00000)
 Metaspace       used 27200K, capacity 28270K, committed 28544K, reserved 1073152K
  class space    used 3658K, capacity 3893K, committed 3968K, reserved 1048576K
Event: 6.843 GC heap after
Heap after GC invocations=8 (full 1):
 PSYoungGen      total 138752K, used 8700K [0x00000000d5d80000, 0x00000000e1d00000, 0x0000000100000000)
  eden space 130048K, 0% used [0x00000000d5d80000,0x00000000d5d80000,0x00000000ddc80000)
  from space 8704K, 99% used [0x00000000ddc80000,0x00000000de4ff028,0x00000000de500000)
  to   space 10240K, 0% used [0x00000000e1300000,0x00000000e1300000,0x00000000e1d00000)
 ParOldGen       total 55296K, used 8681K [0x0000000081800000, 0x0000000084e00000, 0x00000000d5d80000)
  object space 55296K, 15% used [0x0000000081800000,0x000000008207a760,0x0000000084e00000)
 Metaspace       used 27200K, capacity 28270K, committed 28544K, reserved 1073152K
  class space    used 3658K, capacity 3893K, committed 3968K, reserved 1048576K
}

